2021-02-23 16:40:15.711 [main] WARN  c.g.l.r.s.boot.core.ClassPathRetrofitClientScanner - No RetrofitClient was found in '[com.sunyw.xyz]' package. Please check your configuration.
2021-02-23 16:45:17.354 [main] WARN  c.g.l.r.s.boot.core.ClassPathRetrofitClientScanner - No RetrofitClient was found in '[com.sunyw.xyz]' package. Please check your configuration.
2021-02-23 16:55:55.207 [main] WARN  c.g.l.r.s.boot.core.ClassPathRetrofitClientScanner - No RetrofitClient was found in '[com.sunyw.xyz]' package. Please check your configuration.
2021-02-23 16:55:56.219 [main] WARN  o.s.b.w.s.c.AnnotationConfigServletWebServerApplicationContext - Exception encountered during context initialization - cancelling refresh attempt: org.springframework.beans.factory.UnsatisfiedDependencyException: Error creating bean with name 'limitAop': Unsatisfied dependency expressed through field 'emaiUtil'; nested exception is org.springframework.beans.factory.UnsatisfiedDependencyException: Error creating bean with name 'emaiUtil': Unsatisfied dependency expressed through field 'jms'; nested exception is org.springframework.beans.factory.NoSuchBeanDefinitionException: No qualifying bean of type 'org.springframework.mail.javamail.JavaMailSender' available: expected at least 1 bean which qualifies as autowire candidate. Dependency annotations: {@org.springframework.beans.factory.annotation.Autowired(required=true)}
2021-02-23 16:55:56.241 [main] WARN  org.apache.catalina.loader.WebappClassLoaderBase - The web application [ROOT] appears to have started a thread named [Abandoned connection cleanup thread] but has failed to stop it. This is very likely to create a memory leak. Stack trace of thread:
 java.lang.Object.wait(Native Method)
 java.lang.ref.ReferenceQueue.remove(ReferenceQueue.java:143)
 com.mysql.jdbc.AbandonedConnectionCleanupThread.run(AbandonedConnectionCleanupThread.java:43)
2021-02-23 17:12:24.295 [main] WARN  c.g.l.r.s.boot.core.ClassPathRetrofitClientScanner - No RetrofitClient was found in '[com.sunyw.xyz]' package. Please check your configuration.
2021-02-23 17:12:25.198 [main] WARN  o.s.b.w.s.c.AnnotationConfigServletWebServerApplicationContext - Exception encountered during context initialization - cancelling refresh attempt: org.springframework.beans.factory.UnsatisfiedDependencyException: Error creating bean with name 'limitAop': Unsatisfied dependency expressed through field 'emaiUtil'; nested exception is org.springframework.beans.factory.UnsatisfiedDependencyException: Error creating bean with name 'emaiUtil': Unsatisfied dependency expressed through field 'jms'; nested exception is org.springframework.beans.factory.NoSuchBeanDefinitionException: No qualifying bean of type 'org.springframework.mail.javamail.JavaMailSender' available: expected at least 1 bean which qualifies as autowire candidate. Dependency annotations: {@org.springframework.beans.factory.annotation.Autowired(required=true)}
2021-02-23 17:12:25.220 [main] WARN  org.apache.catalina.loader.WebappClassLoaderBase - The web application [ROOT] appears to have started a thread named [Abandoned connection cleanup thread] but has failed to stop it. This is very likely to create a memory leak. Stack trace of thread:
 java.lang.Object.wait(Native Method)
 java.lang.ref.ReferenceQueue.remove(ReferenceQueue.java:143)
 com.mysql.jdbc.AbandonedConnectionCleanupThread.run(AbandonedConnectionCleanupThread.java:43)
2021-02-23 17:12:53.617 [main] WARN  c.g.l.r.s.boot.core.ClassPathRetrofitClientScanner - No RetrofitClient was found in '[com.sunyw.xyz]' package. Please check your configuration.
2021-02-23 17:12:54.517 [main] WARN  o.s.b.w.s.c.AnnotationConfigServletWebServerApplicationContext - Exception encountered during context initialization - cancelling refresh attempt: org.springframework.beans.factory.UnsatisfiedDependencyException: Error creating bean with name 'limitAop': Unsatisfied dependency expressed through field 'emaiUtil'; nested exception is org.springframework.beans.factory.UnsatisfiedDependencyException: Error creating bean with name 'emaiUtil': Unsatisfied dependency expressed through field 'jms'; nested exception is org.springframework.beans.factory.NoSuchBeanDefinitionException: No qualifying bean of type 'org.springframework.mail.javamail.JavaMailSender' available: expected at least 1 bean which qualifies as autowire candidate. Dependency annotations: {@org.springframework.beans.factory.annotation.Autowired(required=true)}
2021-02-23 17:12:54.540 [main] WARN  org.apache.catalina.loader.WebappClassLoaderBase - The web application [ROOT] appears to have started a thread named [Abandoned connection cleanup thread] but has failed to stop it. This is very likely to create a memory leak. Stack trace of thread:
 java.lang.Object.wait(Native Method)
 java.lang.ref.ReferenceQueue.remove(ReferenceQueue.java:143)
 com.mysql.jdbc.AbandonedConnectionCleanupThread.run(AbandonedConnectionCleanupThread.java:43)
2021-02-23 17:13:54.138 [main] WARN  c.g.l.r.s.boot.core.ClassPathRetrofitClientScanner - No RetrofitClient was found in '[com.sunyw.xyz]' package. Please check your configuration.
2021-02-23 17:13:55.070 [main] WARN  o.s.b.w.s.c.AnnotationConfigServletWebServerApplicationContext - Exception encountered during context initialization - cancelling refresh attempt: org.springframework.beans.factory.UnsatisfiedDependencyException: Error creating bean with name 'limitAop': Unsatisfied dependency expressed through field 'emaiUtil'; nested exception is org.springframework.beans.factory.UnsatisfiedDependencyException: Error creating bean with name 'emaiUtil': Unsatisfied dependency expressed through field 'jms'; nested exception is org.springframework.beans.factory.NoSuchBeanDefinitionException: No qualifying bean of type 'org.springframework.mail.javamail.JavaMailSender' available: expected at least 1 bean which qualifies as autowire candidate. Dependency annotations: {@org.springframework.beans.factory.annotation.Autowired(required=true)}
2021-02-23 17:13:55.092 [main] WARN  org.apache.catalina.loader.WebappClassLoaderBase - The web application [ROOT] appears to have started a thread named [Abandoned connection cleanup thread] but has failed to stop it. This is very likely to create a memory leak. Stack trace of thread:
 java.lang.Object.wait(Native Method)
 java.lang.ref.ReferenceQueue.remove(ReferenceQueue.java:143)
 com.mysql.jdbc.AbandonedConnectionCleanupThread.run(AbandonedConnectionCleanupThread.java:43)
2021-02-23 17:14:27.549 [main] WARN  c.g.l.r.s.boot.core.ClassPathRetrofitClientScanner - No RetrofitClient was found in '[com.sunyw.xyz]' package. Please check your configuration.
2021-02-23 17:14:28.483 [main] WARN  o.s.b.w.s.c.AnnotationConfigServletWebServerApplicationContext - Exception encountered during context initialization - cancelling refresh attempt: org.springframework.beans.factory.UnsatisfiedDependencyException: Error creating bean with name 'limitAop': Unsatisfied dependency expressed through field 'emaiUtil'; nested exception is org.springframework.beans.factory.BeanCreationException: Error creating bean with name 'emaiUtil': Injection of resource dependencies failed; nested exception is org.springframework.beans.factory.NoSuchBeanDefinitionException: No qualifying bean of type 'org.springframework.mail.javamail.JavaMailSender' available: expected at least 1 bean which qualifies as autowire candidate. Dependency annotations: {@javax.annotation.Resource(shareable=true, lookup=, name=, description=, authenticationType=CONTAINER, type=class java.lang.Object, mappedName=)}
2021-02-23 17:14:28.507 [main] WARN  org.apache.catalina.loader.WebappClassLoaderBase - The web application [ROOT] appears to have started a thread named [Abandoned connection cleanup thread] but has failed to stop it. This is very likely to create a memory leak. Stack trace of thread:
 java.lang.Object.wait(Native Method)
 java.lang.ref.ReferenceQueue.remove(ReferenceQueue.java:143)
 com.mysql.jdbc.AbandonedConnectionCleanupThread.run(AbandonedConnectionCleanupThread.java:43)
2021-02-23 17:15:54.170 [main] WARN  c.g.l.r.s.boot.core.ClassPathRetrofitClientScanner - No RetrofitClient was found in '[com.sunyw.xyz]' package. Please check your configuration.
2021-02-23 17:15:55.070 [main] WARN  o.s.b.w.s.c.AnnotationConfigServletWebServerApplicationContext - Exception encountered during context initialization - cancelling refresh attempt: org.springframework.beans.factory.UnsatisfiedDependencyException: Error creating bean with name 'limitAop': Unsatisfied dependency expressed through field 'emaiUtil'; nested exception is org.springframework.beans.factory.UnsatisfiedDependencyException: Error creating bean with name 'emaiUtil': Unsatisfied dependency expressed through field 'jms'; nested exception is org.springframework.beans.factory.NoSuchBeanDefinitionException: No qualifying bean of type 'org.springframework.mail.javamail.JavaMailSender' available: expected at least 1 bean which qualifies as autowire candidate. Dependency annotations: {@org.springframework.beans.factory.annotation.Autowired(required=true)}
2021-02-23 17:15:55.090 [main] WARN  org.apache.catalina.loader.WebappClassLoaderBase - The web application [ROOT] appears to have started a thread named [Abandoned connection cleanup thread] but has failed to stop it. This is very likely to create a memory leak. Stack trace of thread:
 java.lang.Object.wait(Native Method)
 java.lang.ref.ReferenceQueue.remove(ReferenceQueue.java:143)
 com.mysql.jdbc.AbandonedConnectionCleanupThread.run(AbandonedConnectionCleanupThread.java:43)
2021-02-23 17:16:13.841 [main] WARN  c.g.l.r.s.boot.core.ClassPathRetrofitClientScanner - No RetrofitClient was found in '[com.sunyw.xyz]' package. Please check your configuration.
2021-02-23 17:16:14.738 [main] WARN  o.s.b.w.s.c.AnnotationConfigServletWebServerApplicationContext - Exception encountered during context initialization - cancelling refresh attempt: org.springframework.beans.factory.UnsatisfiedDependencyException: Error creating bean with name 'limitAop': Unsatisfied dependency expressed through field 'emaiUtil'; nested exception is org.springframework.beans.factory.UnsatisfiedDependencyException: Error creating bean with name 'emaiUtil': Unsatisfied dependency expressed through field 'jms'; nested exception is org.springframework.beans.factory.NoSuchBeanDefinitionException: No qualifying bean of type 'org.springframework.mail.javamail.JavaMailSender' available: expected at least 1 bean which qualifies as autowire candidate. Dependency annotations: {@org.springframework.beans.factory.annotation.Autowired(required=true)}
2021-02-23 17:16:14.759 [main] WARN  org.apache.catalina.loader.WebappClassLoaderBase - The web application [ROOT] appears to have started a thread named [Abandoned connection cleanup thread] but has failed to stop it. This is very likely to create a memory leak. Stack trace of thread:
 java.lang.Object.wait(Native Method)
 java.lang.ref.ReferenceQueue.remove(ReferenceQueue.java:143)
 com.mysql.jdbc.AbandonedConnectionCleanupThread.run(AbandonedConnectionCleanupThread.java:43)
2021-02-23 17:17:59.730 [main] WARN  c.g.l.r.s.boot.core.ClassPathRetrofitClientScanner - No RetrofitClient was found in '[com.sunyw.xyz]' package. Please check your configuration.
2021-02-23 17:19:55.111 [main] WARN  c.g.l.r.s.boot.core.ClassPathRetrofitClientScanner - No RetrofitClient was found in '[com.sunyw.xyz]' package. Please check your configuration.
